# JRE version: OpenJDK Runtime Environment (17.0.10) (build 17.0.10+0--11572160)
# Java VM: OpenJDK 64-Bit Server VM (17.0.10+0--11572160, mixed mode, tiered, compressed oops, compressed class ptrs, g1 gc, windows-amd64)
GC Precious Log:
 CPUs: 6 total, 6 available
 Memory: 7541M
 Large Page Support: Disabled
 NUMA Support: Disabled
 Compressed Oops: Enabled (32-bit)
 Heap Region Size: 1M
 Heap Min Capacity: 8M
 Heap Initial Capacity: 118M
 Heap Max Capacity: 2G
 Pre-touch: Disabled
 Parallel Workers: 6
 Concurrent Workers: 2
 Concurrent Refinement Workers: 6
 Periodic GC: Disabled
Heap:
 garbage-first heap   total 266240K, used 162010K [0x0000000080000000, 0x0000000100000000)
  region size 1024K, 42 young (43008K), 3 survivors (3072K)
 Metaspace       used 103564K, committed 104384K, reserved 1179648K
  class space    used 14206K, committed 14592K, reserved 1048576K
GC Heap History (20 events):
Event: 23.416 GC heap before
{Heap before GC invocations=50 (full 0):
 garbage-first heap   total 119808K, used 100140K [0x0000000080000000, 0x0000000100000000)
  region size 1024K, 16 young (16384K), 2 survivors (2048K)
 Metaspace       used 102754K, committed 103616K, reserved 1179648K
  class space    used 14154K, committed 14592K, reserved 1048576K
}
Event: 23.418 GC heap after
{Heap after GC invocations=51 (full 0):
 garbage-first heap   total 119808K, used 88423K [0x0000000080000000, 0x0000000100000000)
  region size 1024K, 2 young (2048K), 2 survivors (2048K)
 Metaspace       used 102754K, committed 103616K, reserved 1179648K
  class space    used 14154K, committed 14592K, reserved 1048576K
}
Event: 24.275 GC heap before
{Heap before GC invocations=51 (full 0):
 garbage-first heap   total 119808K, used 101735K [0x0000000080000000, 0x0000000100000000)
  region size 1024K, 15 young (15360K), 2 survivors (2048K)
 Metaspace       used 102873K, committed 103680K, reserved 1179648K
  class space    used 14154K, committed 14592K, reserved 1048576K
}
Event: 24.278 GC heap after
{Heap after GC invocations=52 (full 0):
 garbage-first heap   total 119808K, used 90748K [0x0000000080000000, 0x0000000100000000)
  region size 1024K, 2 young (2048K), 2 survivors (2048K)
 Metaspace       used 102873K, committed 103680K, reserved 1179648K
  class space    used 14154K, committed 14592K, reserved 1048576K
}
Event: 25.108 GC heap before
{Heap before GC invocations=52 (full 0):
 garbage-first heap   total 119808K, used 100988K [0x0000000080000000, 0x0000000100000000)
  region size 1024K, 13 young (13312K), 2 survivors (2048K)
 Metaspace       used 102903K, committed 103744K, reserved 1179648K
  class space    used 14154K, committed 14592K, reserved 1048576K
}
Event: 25.111 GC heap after
{Heap after GC invocations=53 (full 0):
 garbage-first heap   total 119808K, used 95411K [0x0000000080000000, 0x0000000100000000)
  region size 1024K, 2 young (2048K), 2 survivors (2048K)
 Metaspace       used 102903K, committed 103744K, reserved 1179648K
  class space    used 14154K, committed 14592K, reserved 1048576K
}
Event: 26.508 GC heap before
{Heap before GC invocations=53 (full 0):
 garbage-first heap   total 119808K, used 101555K [0x0000000080000000, 0x0000000100000000)
  region size 1024K, 8 young (8192K), 2 survivors (2048K)
 Metaspace       used 102919K, committed 103744K, reserved 1179648K
  class space    used 14154K, committed 14592K, reserved 1048576K
}
Event: 26.511 GC heap after
{Heap after GC invocations=54 (full 0):
 garbage-first heap   total 119808K, used 97575K [0x0000000080000000, 0x0000000100000000)
  region size 1024K, 1 young (1024K), 1 survivors (1024K)
 Metaspace       used 102919K, committed 103744K, reserved 1179648K
  class space    used 14154K, committed 14592K, reserved 1048576K
}
Event: 26.739 GC heap before
{Heap before GC invocations=54 (full 0):
 garbage-first heap   total 119808K, used 104743K [0x0000000080000000, 0x0000000100000000)
  region size 1024K, 4 young (4096K), 1 survivors (1024K)
 Metaspace       used 102920K, committed 103744K, reserved 1179648K
  class space    used 14154K, committed 14592K, reserved 1048576K
}
Event: 26.743 GC heap after
{Heap after GC invocations=55 (full 0):
 garbage-first heap   total 119808K, used 100993K [0x0000000080000000, 0x0000000100000000)
  region size 1024K, 1 young (1024K), 1 survivors (1024K)
 Metaspace       used 102920K, committed 103744K, reserved 1179648K
  class space    used 14154K, committed 14592K, reserved 1048576K
}
Event: 26.784 GC heap before
{Heap before GC invocations=55 (full 0):
 garbage-first heap   total 119808K, used 109185K [0x0000000080000000, 0x0000000100000000)
  region size 1024K, 5 young (5120K), 1 survivors (1024K)
 Metaspace       used 102924K, committed 103744K, reserved 1179648K
  class space    used 14154K, committed 14592K, reserved 1048576K
}
Event: 26.789 GC heap after
{Heap after GC invocations=56 (full 0):
 garbage-first heap   total 119808K, used 105046K [0x0000000080000000, 0x0000000100000000)
  region size 1024K, 1 young (1024K), 1 survivors (1024K)
 Metaspace       used 102924K, committed 103744K, reserved 1179648K
  class space    used 14154K, committed 14592K, reserved 1048576K
}
Event: 27.003 GC heap before
{Heap before GC invocations=56 (full 0):
 garbage-first heap   total 119808K, used 108118K [0x0000000080000000, 0x0000000100000000)
  region size 1024K, 5 young (5120K), 1 survivors (1024K)
 Metaspace       used 102960K, committed 103808K, reserved 1179648K
  class space    used 14154K, committed 14592K, reserved 1048576K
}
Event: 27.007 GC heap after
{Heap after GC invocations=57 (full 0):
 garbage-first heap   total 119808K, used 108504K [0x0000000080000000, 0x0000000100000000)
  region size 1024K, 1 young (1024K), 1 survivors (1024K)
 Metaspace       used 102960K, committed 103808K, reserved 1179648K
  class space    used 14154K, committed 14592K, reserved 1048576K
}
Event: 27.205 GC heap before
{Heap before GC invocations=58 (full 0):
 garbage-first heap   total 184320K, used 112600K [0x0000000080000000, 0x0000000100000000)
  region size 1024K, 5 young (5120K), 1 survivors (1024K)
 Metaspace       used 102962K, committed 103808K, reserved 1179648K
  class space    used 14153K, committed 14592K, reserved 1048576K
}
Event: 27.209 GC heap after
{Heap after GC invocations=59 (full 0):
 garbage-first heap   total 184320K, used 110662K [0x0000000080000000, 0x0000000100000000)
  region size 1024K, 1 young (1024K), 1 survivors (1024K)
 Metaspace       used 102962K, committed 103808K, reserved 1179648K
  class space    used 14153K, committed 14592K, reserved 1048576K
}
Event: 27.364 GC heap before
{Heap before GC invocations=59 (full 0):
 garbage-first heap   total 184320K, used 117830K [0x0000000080000000, 0x0000000100000000)
  region size 1024K, 9 young (9216K), 1 survivors (1024K)
 Metaspace       used 102963K, committed 103808K, reserved 1179648K
  class space    used 14153K, committed 14592K, reserved 1048576K
}
Event: 27.369 GC heap after
{Heap after GC invocations=60 (full 0):
 garbage-first heap   total 184320K, used 112458K [0x0000000080000000, 0x0000000100000000)
  region size 1024K, 2 young (2048K), 2 survivors (2048K)
 Metaspace       used 102963K, committed 103808K, reserved 1179648K
  class space    used 14153K, committed 14592K, reserved 1048576K
}
Event: 27.672 GC heap before
{Heap before GC invocations=60 (full 0):
 garbage-first heap   total 184320K, used 131914K [0x0000000080000000, 0x0000000100000000)
  region size 1024K, 21 young (21504K), 2 survivors (2048K)
 Metaspace       used 103160K, committed 104000K, reserved 1179648K
  class space    used 14177K, committed 14592K, reserved 1048576K
}
Event: 27.677 GC heap after
{Heap after GC invocations=61 (full 0):
 garbage-first heap   total 266240K, used 115930K [0x0000000080000000, 0x0000000100000000)
  region size 1024K, 3 young (3072K), 3 survivors (3072K)
 Metaspace       used 103160K, committed 104000K, reserved 1179648K
  class space    used 14177K, committed 14592K, reserved 1048576K
}

