# JRE version: OpenJDK Runtime Environment (17.0.10) (build 17.0.10+0--11572160)
# Java VM: OpenJDK 64-Bit Server VM (17.0.10+0--11572160, mixed mode, tiered, compressed oops, compressed class ptrs, g1 gc, windows-amd64)
GC Precious Log:
 CPUs: 6 total, 6 available
 Memory: 7541M
 Large Page Support: Disabled
 NUMA Support: Disabled
 Compressed Oops: Enabled (32-bit)
 Heap Region Size: 1M
 Heap Min Capacity: 8M
 Heap Initial Capacity: 118M
 Heap Max Capacity: 2G
 Pre-touch: Disabled
 Parallel Workers: 6
 Concurrent Workers: 2
 Concurrent Refinement Workers: 6
 Periodic GC: Disabled
Heap:
 garbage-first heap   total 120832K, used 54797K [0x0000000080000000, 0x0000000100000000)
  region size 1024K, 1 young (1024K), 1 survivors (1024K)
 Metaspace       used 63423K, committed 64000K, reserved 1114112K
  class space    used 8607K, committed 8896K, reserved 1048576K
GC Heap History (20 events):
Event: 9.235 GC heap after
{Heap after GC invocations=18 (full 0):
 garbage-first heap   total 71680K, used 36934K [0x0000000080000000, 0x0000000100000000)
  region size 1024K, 1 young (1024K), 1 survivors (1024K)
 Metaspace       used 55377K, committed 55936K, reserved 1114112K
  class space    used 7630K, committed 7872K, reserved 1048576K
}
Event: 9.953 GC heap before
{Heap before GC invocations=18 (full 0):
 garbage-first heap   total 71680K, used 57414K [0x0000000080000000, 0x0000000100000000)
  region size 1024K, 22 young (22528K), 1 survivors (1024K)
 Metaspace       used 56261K, committed 56768K, reserved 1114112K
  class space    used 7730K, committed 8000K, reserved 1048576K
}
Event: 9.959 GC heap after
{Heap after GC invocations=19 (full 0):
 garbage-first heap   total 71680K, used 40685K [0x0000000080000000, 0x0000000100000000)
  region size 1024K, 3 young (3072K), 3 survivors (3072K)
 Metaspace       used 56261K, committed 56768K, reserved 1114112K
  class space    used 7730K, committed 8000K, reserved 1048576K
}
Event: 10.356 GC heap before
{Heap before GC invocations=20 (full 0):
 garbage-first heap   total 71680K, used 57069K [0x0000000080000000, 0x0000000100000000)
  region size 1024K, 20 young (20480K), 3 survivors (3072K)
 Metaspace       used 56608K, committed 57152K, reserved 1114112K
  class space    used 7758K, committed 8000K, reserved 1048576K
}
Event: 10.359 GC heap after
{Heap after GC invocations=21 (full 0):
 garbage-first heap   total 86016K, used 42623K [0x0000000080000000, 0x0000000100000000)
  region size 1024K, 3 young (3072K), 3 survivors (3072K)
 Metaspace       used 56608K, committed 57152K, reserved 1114112K
  class space    used 7758K, committed 8000K, reserved 1048576K
}
Event: 10.372 GC heap before
{Heap before GC invocations=21 (full 0):
 garbage-first heap   total 86016K, used 43647K [0x0000000080000000, 0x0000000100000000)
  region size 1024K, 4 young (4096K), 3 survivors (3072K)
 Metaspace       used 56645K, committed 57152K, reserved 1114112K
  class space    used 7762K, committed 8000K, reserved 1048576K
}
Event: 10.375 GC heap after
{Heap after GC invocations=22 (full 0):
 garbage-first heap   total 86016K, used 42627K [0x0000000080000000, 0x0000000100000000)
  region size 1024K, 1 young (1024K), 1 survivors (1024K)
 Metaspace       used 56645K, committed 57152K, reserved 1114112K
  class space    used 7762K, committed 8000K, reserved 1048576K
}
Event: 10.446 GC heap before
{Heap before GC invocations=22 (full 0):
 garbage-first heap   total 86016K, used 45699K [0x0000000080000000, 0x0000000100000000)
  region size 1024K, 5 young (5120K), 1 survivors (1024K)
 Metaspace       used 56719K, committed 57344K, reserved 1114112K
  class space    used 7768K, committed 8064K, reserved 1048576K
}
Event: 10.448 GC heap after
{Heap after GC invocations=23 (full 0):
 garbage-first heap   total 86016K, used 42446K [0x0000000080000000, 0x0000000100000000)
  region size 1024K, 1 young (1024K), 1 survivors (1024K)
 Metaspace       used 56719K, committed 57344K, reserved 1114112K
  class space    used 7768K, committed 8064K, reserved 1048576K
}
Event: 11.484 GC heap before
{Heap before GC invocations=24 (full 0):
 garbage-first heap   total 86016K, used 72142K [0x0000000080000000, 0x0000000100000000)
  region size 1024K, 25 young (25600K), 1 survivors (1024K)
 Metaspace       used 58116K, committed 58688K, reserved 1114112K
  class space    used 7978K, committed 8256K, reserved 1048576K
}
Event: 11.487 GC heap after
{Heap after GC invocations=25 (full 0):
 garbage-first heap   total 86016K, used 52823K [0x0000000080000000, 0x0000000100000000)
  region size 1024K, 4 young (4096K), 4 survivors (4096K)
 Metaspace       used 58116K, committed 58688K, reserved 1114112K
  class space    used 7978K, committed 8256K, reserved 1048576K
}
Event: 11.499 GC heap before
{Heap before GC invocations=25 (full 0):
 garbage-first heap   total 86016K, used 53847K [0x0000000080000000, 0x0000000100000000)
  region size 1024K, 5 young (5120K), 4 survivors (4096K)
 Metaspace       used 58148K, committed 58688K, reserved 1114112K
  class space    used 7983K, committed 8256K, reserved 1048576K
}
Event: 11.501 GC heap after
{Heap after GC invocations=26 (full 0):
 garbage-first heap   total 86016K, used 52708K [0x0000000080000000, 0x0000000100000000)
  region size 1024K, 1 young (1024K), 1 survivors (1024K)
 Metaspace       used 58148K, committed 58688K, reserved 1114112K
  class space    used 7983K, committed 8256K, reserved 1048576K
}
Event: 11.726 GC heap before
{Heap before GC invocations=26 (full 0):
 garbage-first heap   total 86016K, used 69092K [0x0000000080000000, 0x0000000100000000)
  region size 1024K, 17 young (17408K), 1 survivors (1024K)
 Metaspace       used 59437K, committed 60096K, reserved 1114112K
  class space    used 8143K, committed 8448K, reserved 1048576K
}
Event: 11.728 GC heap after
{Heap after GC invocations=27 (full 0):
 garbage-first heap   total 86016K, used 54140K [0x0000000080000000, 0x0000000100000000)
  region size 1024K, 1 young (1024K), 1 survivors (1024K)
 Metaspace       used 59437K, committed 60096K, reserved 1114112K
  class space    used 8143K, committed 8448K, reserved 1048576K
}
Event: 11.951 GC heap before
{Heap before GC invocations=28 (full 0):
 garbage-first heap   total 96256K, used 70524K [0x0000000080000000, 0x0000000100000000)
  region size 1024K, 17 young (17408K), 1 survivors (1024K)
 Metaspace       used 60749K, committed 61248K, reserved 1114112K
  class space    used 8319K, committed 8576K, reserved 1048576K
}
Event: 11.954 GC heap after
{Heap after GC invocations=29 (full 0):
 garbage-first heap   total 96256K, used 54826K [0x0000000080000000, 0x0000000100000000)
  region size 1024K, 2 young (2048K), 2 survivors (2048K)
 Metaspace       used 60749K, committed 61248K, reserved 1114112K
  class space    used 8319K, committed 8576K, reserved 1048576K
}
Event: 11.994 GC heap before
{Heap before GC invocations=29 (full 0):
 garbage-first heap   total 96256K, used 56874K [0x0000000080000000, 0x0000000100000000)
  region size 1024K, 4 young (4096K), 2 survivors (2048K)
 Metaspace       used 60925K, committed 61568K, reserved 1114112K
  class space    used 8339K, committed 8640K, reserved 1048576K
}
Event: 11.996 GC heap after
{Heap after GC invocations=30 (full 0):
 garbage-first heap   total 96256K, used 54435K [0x0000000080000000, 0x0000000100000000)
  region size 1024K, 1 young (1024K), 1 survivors (1024K)
 Metaspace       used 60925K, committed 61568K, reserved 1114112K
  class space    used 8339K, committed 8640K, reserved 1048576K
}
Event: 12.278 GC heap before
{Heap before GC invocations=30 (full 0):
 garbage-first heap   total 96256K, used 75939K [0x0000000080000000, 0x0000000100000000)
  region size 1024K, 23 young (23552K), 1 survivors (1024K)
 Metaspace       used 63423K, committed 64000K, reserved 1114112K
  class space    used 8607K, committed 8896K, reserved 1048576K
}

